::1 - - [04/Mar/2019:02:02:35 +0000] "GET /videos HTTP/1.1" 200 1220 "http://localhost:3000/" "Mozilla/5.0 (Linux; Android 6.0; Nexus 5 Build/MRA58N) AppleWebKit/537.36 (KHTML, like Gecko) Chrome/72.0.3626.109 Mobile Safari/537.36"
::1 - - [04/Mar/2019:02:02:35 +0000] "GET /videos/1af0jruup5gu HTTP/1.1" 304 - "http://localhost:3000/" "Mozilla/5.0 (Linux; Android 6.0; Nexus 5 Build/MRA58N) AppleWebKit/537.36 (KHTML, like Gecko) Chrome/72.0.3626.109 Mobile Safari/537.36"
::1 - - [04/Mar/2019:02:26:48 +0000] "POST /videos HTTP/1.1" 200 21 "http://localhost:3000/upload" "Mozilla/5.0 (Linux; Android 6.0; Nexus 5 Build/MRA58N) AppleWebKit/537.36 (KHTML, like Gecko) Chrome/72.0.3626.109 Mobile Safari/537.36"
::1 - - [04/Mar/2019:03:05:33 +0000] "GET /videos HTTP/1.1" 200 1350 "http://localhost:3000/" "Mozilla/5.0 (Linux; Android 6.0; Nexus 5 Build/MRA58N) AppleWebKit/537.36 (KHTML, like Gecko) Chrome/72.0.3626.109 Mobile Safari/537.36"
::1 - - [04/Mar/2019:03:05:33 +0000] "GET /videos/1af0jruup5gu HTTP/1.1" 304 - "http://localhost:3000/" "Mozilla/5.0 (Linux; Android 6.0; Nexus 5 Build/MRA58N) AppleWebKit/537.36 (KHTML, like Gecko) Chrome/72.0.3626.109 Mobile Safari/537.36"
::1 - - [04/Mar/2019:03:21:04 +0000] "GET /videos HTTP/1.1" 304 - "http://localhost:3000/" "Mozilla/5.0 (Linux; Android 6.0; Nexus 5 Build/MRA58N) AppleWebKit/537.36 (KHTML, like Gecko) Chrome/72.0.3626.109 Mobile Safari/537.36"
::1 - - [04/Mar/2019:03:21:04 +0000] "GET /videos/1af0jruup5gu HTTP/1.1" 304 - "http://localhost:3000/" "Mozilla/5.0 (Linux; Android 6.0; Nexus 5 Build/MRA58N) AppleWebKit/537.36 (KHTML, like Gecko) Chrome/72.0.3626.109 Mobile Safari/537.36"
::1 - - [10/Mar/2019:02:51:13 +0000] "GET /videos HTTP/1.1" 200 1350 "http://localhost:3000/" "Mozilla/5.0 (Macintosh; Intel Mac OS X 10_14_3) AppleWebKit/537.36 (KHTML, like Gecko) Chrome/72.0.3626.119 Safari/537.36"
::1 - - [10/Mar/2019:02:51:13 +0000] "GET /videos/1af0jruup5gu HTTP/1.1" 200 1581 "http://localhost:3000/" "Mozilla/5.0 (Macintosh; Intel Mac OS X 10_14_3) AppleWebKit/537.36 (KHTML, like Gecko) Chrome/72.0.3626.119 Safari/537.36"
::1 - - [10/Mar/2019:02:51:33 +0000] "GET /videos/1ainjruutd1j HTTP/1.1" 200 1414 "http://localhost:3000/videos/1ainjruutd1j" "Mozilla/5.0 (Macintosh; Intel Mac OS X 10_14_3) AppleWebKit/537.36 (KHTML, like Gecko) Chrome/72.0.3626.119 Safari/537.36"
::1 - - [10/Mar/2019:02:51:36 +0000] "GET /videos/1KTzfRReKat7 HTTP/1.1" 200 288 "http://localhost:3000/videos/1KTzfRReKat7" "Mozilla/5.0 (Macintosh; Intel Mac OS X 10_14_3) AppleWebKit/537.36 (KHTML, like Gecko) Chrome/72.0.3626.119 Safari/537.36"
::1 - - [10/Mar/2019:02:51:53 +0000] "POST /videos HTTP/1.1" 200 21 "http://localhost:3000/upload" "Mozilla/5.0 (Macintosh; Intel Mac OS X 10_14_3) AppleWebKit/537.36 (KHTML, like Gecko) Chrome/72.0.3626.119 Safari/537.36"
::1 - - [10/Mar/2019:02:51:57 +0000] "GET /videos HTTP/1.1" 200 1468 "http://localhost:3000/" "Mozilla/5.0 (Macintosh; Intel Mac OS X 10_14_3) AppleWebKit/537.36 (KHTML, like Gecko) Chrome/72.0.3626.119 Safari/537.36"
::1 - - [10/Mar/2019:02:51:57 +0000] "GET /videos/1af0jruup5gu HTTP/1.1" 304 - "http://localhost:3000/" "Mozilla/5.0 (Macintosh; Intel Mac OS X 10_14_3) AppleWebKit/537.36 (KHTML, like Gecko) Chrome/72.0.3626.119 Safari/537.36"
::1 - - [10/Mar/2019:02:52:05 +0000] "GET /videos/R04g4dHT8KPX HTTP/1.1" 200 282 "http://localhost:3000/videos/R04g4dHT8KPX" "Mozilla/5.0 (Macintosh; Intel Mac OS X 10_14_3) AppleWebKit/537.36 (KHTML, like Gecko) Chrome/72.0.3626.119 Safari/537.36"
::1 - - [03/Apr/2019:05:29:05 +0000] "GET /videos HTTP/1.1" 200 1468 "http://localhost:3000/" "Mozilla/5.0 (Macintosh; Intel Mac OS X 10_14_3) AppleWebKit/537.36 (KHTML, like Gecko) Chrome/73.0.3683.86 Safari/537.36"
::1 - - [03/Apr/2019:05:29:06 +0000] "GET /videos/1af0jruup5gu HTTP/1.1" 200 1581 "http://localhost:3000/" "Mozilla/5.0 (Macintosh; Intel Mac OS X 10_14_3) AppleWebKit/537.36 (KHTML, like Gecko) Chrome/73.0.3683.86 Safari/537.36"
::1 - - [03/Apr/2019:05:29:12 +0000] "GET /videos/1af0jruup5gu HTTP/1.1" 304 - "http://localhost:3000/videos/1af0jruup5gu" "Mozilla/5.0 (Macintosh; Intel Mac OS X 10_14_3) AppleWebKit/537.36 (KHTML, like Gecko) Chrome/73.0.3683.86 Safari/537.36"
::1 - - [03/Apr/2019:05:29:16 +0000] "GET /videos/1a3cjruucpf7 HTTP/1.1" 200 1466 "http://localhost:3000/videos/1a3cjruucpf7" "Mozilla/5.0 (Macintosh; Intel Mac OS X 10_14_3) AppleWebKit/537.36 (KHTML, like Gecko) Chrome/73.0.3683.86 Safari/537.36"
::1 - - [03/Apr/2019:05:31:47 +0000] "GET /videos/undefined HTTP/1.1" 200 - "http://localhost:3000/" "Mozilla/5.0 (Macintosh; Intel Mac OS X 10_14_3) AppleWebKit/537.36 (KHTML, like Gecko) Chrome/73.0.3683.86 Safari/537.36"
::1 - - [03/Apr/2019:05:32:01 +0000] "GET /videos HTTP/1.1" 304 - "http://localhost:3000/" "Mozilla/5.0 (Macintosh; Intel Mac OS X 10_14_3) AppleWebKit/537.36 (KHTML, like Gecko) Chrome/73.0.3683.86 Safari/537.36"
::1 - - [03/Apr/2019:05:32:01 +0000] "GET /videos/1af0jruup5gu HTTP/1.1" 304 - "http://localhost:3000/" "Mozilla/5.0 (Macintosh; Intel Mac OS X 10_14_3) AppleWebKit/537.36 (KHTML, like Gecko) Chrome/73.0.3683.86 Safari/537.36"
::1 - - [03/Apr/2019:05:32:07 +0000] "GET /videos/1ainjruutd1j HTTP/1.1" 200 1414 "http://localhost:3000/videos/1ainjruutd1j" "Mozilla/5.0 (Macintosh; Intel Mac OS X 10_14_3) AppleWebKit/537.36 (KHTML, like Gecko) Chrome/73.0.3683.86 Safari/537.36"
::1 - - [03/Apr/2019:05:32:09 +0000] "GET /videos/undefined HTTP/1.1" 200 - "http://localhost:3000/" "Mozilla/5.0 (Macintosh; Intel Mac OS X 10_14_3) AppleWebKit/537.36 (KHTML, like Gecko) Chrome/73.0.3683.86 Safari/537.36"
::1 - - [03/Apr/2019:05:32:19 +0000] "GET /videos HTTP/1.1" 304 - "http://localhost:3000/" "Mozilla/5.0 (Macintosh; Intel Mac OS X 10_14_3) AppleWebKit/537.36 (KHTML, like Gecko) Chrome/73.0.3683.86 Safari/537.36"
::1 - - [03/Apr/2019:05:32:19 +0000] "GET /videos/1af0jruup5gu HTTP/1.1" 304 - "http://localhost:3000/" "Mozilla/5.0 (Macintosh; Intel Mac OS X 10_14_3) AppleWebKit/537.36 (KHTML, like Gecko) Chrome/73.0.3683.86 Safari/537.36"
::1 - - [03/Apr/2019:05:32:34 +0000] "GET /videos HTTP/1.1" 304 - "http://localhost:3000/" "Mozilla/5.0 (Macintosh; Intel Mac OS X 10_14_3) AppleWebKit/537.36 (KHTML, like Gecko) Chrome/73.0.3683.86 Safari/537.36"
::1 - - [03/Apr/2019:05:32:34 +0000] "GET /videos/1af0jruup5gu HTTP/1.1" 304 - "http://localhost:3000/" "Mozilla/5.0 (Macintosh; Intel Mac OS X 10_14_3) AppleWebKit/537.36 (KHTML, like Gecko) Chrome/73.0.3683.86 Safari/537.36"
::1 - - [03/Apr/2019:05:32:43 +0000] "GET /videos HTTP/1.1" 304 - "http://localhost:3000/?" "Mozilla/5.0 (Macintosh; Intel Mac OS X 10_14_3) AppleWebKit/537.36 (KHTML, like Gecko) Chrome/73.0.3683.86 Safari/537.36"
::1 - - [03/Apr/2019:05:32:43 +0000] "GET /videos/1af0jruup5gu HTTP/1.1" 304 - "http://localhost:3000/?" "Mozilla/5.0 (Macintosh; Intel Mac OS X 10_14_3) AppleWebKit/537.36 (KHTML, like Gecko) Chrome/73.0.3683.86 Safari/537.36"
